# JRE version: OpenJDK Runtime Environment (11.0.13) (build 11.0.13+0-b1751.21-8125866)
# Java VM: OpenJDK 64-Bit Server VM (11.0.13+0-b1751.21-8125866, mixed mode, tiered, compressed oops, g1 gc, windows-amd64)
Heap:
 garbage-first heap   total 262144K, used 129189K [0x0000000080000000, 0x0000000100000000)
  region size 1024K, 26 young (26624K), 7 survivors (7168K)
 Metaspace       used 105849K, capacity 108073K, committed 108924K, reserved 1144832K
  class space    used 13361K, capacity 14218K, committed 14540K, reserved 1048576K
GC Heap History (20 events):
Event: 6.221 GC heap before
{Heap before GC invocations=8 (full 0):
 garbage-first heap   total 262144K, used 105835K [0x0000000080000000, 0x0000000100000000)
  region size 1024K, 75 young (76800K), 17 survivors (17408K)
 Metaspace       used 58264K, capacity 59743K, committed 59900K, reserved 1101824K
  class space    used 7299K, capacity 7883K, committed 8012K, reserved 1048576K
}
Event: 6.239 GC heap after
{Heap after GC invocations=9 (full 0):
 garbage-first heap   total 262144K, used 49747K [0x0000000080000000, 0x0000000100000000)
  region size 1024K, 4 young (4096K), 4 survivors (4096K)
 Metaspace       used 58264K, capacity 59743K, committed 59900K, reserved 1101824K
  class space    used 7299K, capacity 7883K, committed 8012K, reserved 1048576K
}
Event: 7.565 GC heap before
{Heap before GC invocations=10 (full 0):
 garbage-first heap   total 262144K, used 177747K [0x0000000080000000, 0x0000000100000000)
  region size 1024K, 122 young (124928K), 4 survivors (4096K)
 Metaspace       used 68719K, capacity 70300K, committed 70396K, reserved 1110016K
  class space    used 8623K, capacity 9251K, committed 9292K, reserved 1048576K
}
Event: 7.572 GC heap after
{Heap after GC invocations=11 (full 0):
 garbage-first heap   total 262144K, used 57500K [0x0000000080000000, 0x0000000100000000)
  region size 1024K, 11 young (11264K), 11 survivors (11264K)
 Metaspace       used 68719K, capacity 70300K, committed 70396K, reserved 1110016K
  class space    used 8623K, capacity 9251K, committed 9292K, reserved 1048576K
}
Event: 8.767 GC heap before
{Heap before GC invocations=11 (full 0):
 garbage-first heap   total 262144K, used 180380K [0x0000000080000000, 0x0000000100000000)
  region size 1024K, 131 young (134144K), 11 survivors (11264K)
 Metaspace       used 77749K, capacity 79431K, committed 79740K, reserved 1118208K
  class space    used 9973K, capacity 10637K, committed 10700K, reserved 1048576K
}
Event: 8.776 GC heap after
{Heap after GC invocations=12 (full 0):
 garbage-first heap   total 262144K, used 65525K [0x0000000080000000, 0x0000000100000000)
  region size 1024K, 17 young (17408K), 17 survivors (17408K)
 Metaspace       used 77749K, capacity 79431K, committed 79740K, reserved 1118208K
  class space    used 9973K, capacity 10637K, committed 10700K, reserved 1048576K
}
Event: 10.148 GC heap before
{Heap before GC invocations=12 (full 0):
 garbage-first heap   total 262144K, used 186357K [0x0000000080000000, 0x0000000100000000)
  region size 1024K, 136 young (139264K), 17 survivors (17408K)
 Metaspace       used 88448K, capacity 90546K, committed 90748K, reserved 1128448K
  class space    used 11355K, capacity 12157K, committed 12236K, reserved 1048576K
}
Event: 10.164 GC heap after
{Heap after GC invocations=13 (full 0):
 garbage-first heap   total 262144K, used 75015K [0x0000000080000000, 0x0000000100000000)
  region size 1024K, 17 young (17408K), 17 survivors (17408K)
 Metaspace       used 88448K, capacity 90546K, committed 90748K, reserved 1128448K
  class space    used 11355K, capacity 12157K, committed 12236K, reserved 1048576K
}
Event: 11.183 GC heap before
{Heap before GC invocations=13 (full 0):
 garbage-first heap   total 262144K, used 193799K [0x0000000080000000, 0x0000000100000000)
  region size 1024K, 132 young (135168K), 17 survivors (17408K)
 Metaspace       used 93286K, capacity 95714K, committed 95868K, reserved 1132544K
  class space    used 12007K, capacity 12940K, committed 13004K, reserved 1048576K
}
Event: 11.202 GC heap after
{Heap after GC invocations=14 (full 0):
 garbage-first heap   total 262144K, used 93882K [0x0000000080000000, 0x0000000100000000)
  region size 1024K, 17 young (17408K), 17 survivors (17408K)
 Metaspace       used 93286K, capacity 95714K, committed 95868K, reserved 1132544K
  class space    used 12007K, capacity 12940K, committed 13004K, reserved 1048576K
}
Event: 11.935 GC heap before
{Heap before GC invocations=14 (full 0):
 garbage-first heap   total 262144K, used 210618K [0x0000000080000000, 0x0000000100000000)
  region size 1024K, 115 young (117760K), 17 survivors (17408K)
 Metaspace       used 97286K, capacity 99747K, committed 99964K, reserved 1136640K
  class space    used 12430K, capacity 13409K, committed 13516K, reserved 1048576K
}
Event: 11.948 GC heap after
{Heap after GC invocations=15 (full 0):
 garbage-first heap   total 262144K, used 104448K [0x0000000080000000, 0x0000000100000000)
  region size 1024K, 11 young (11264K), 11 survivors (11264K)
 Metaspace       used 97286K, capacity 99747K, committed 99964K, reserved 1136640K
  class space    used 12430K, capacity 13409K, committed 13516K, reserved 1048576K
}
Event: 12.089 GC heap before
{Heap before GC invocations=15 (full 0):
 garbage-first heap   total 262144K, used 129024K [0x0000000080000000, 0x0000000100000000)
  region size 1024K, 37 young (37888K), 11 survivors (11264K)
 Metaspace       used 97658K, capacity 100113K, committed 100220K, reserved 1136640K
  class space    used 12460K, capacity 13427K, committed 13516K, reserved 1048576K
}
Event: 12.100 GC heap after
{Heap after GC invocations=16 (full 0):
 garbage-first heap   total 262144K, used 106496K [0x0000000080000000, 0x0000000100000000)
  region size 1024K, 3 young (3072K), 3 survivors (3072K)
 Metaspace       used 97658K, capacity 100113K, committed 100220K, reserved 1136640K
  class space    used 12460K, capacity 13427K, committed 13516K, reserved 1048576K
}
Event: 12.508 GC heap before
{Heap before GC invocations=17 (full 0):
 garbage-first heap   total 262144K, used 199680K [0x0000000080000000, 0x0000000100000000)
  region size 1024K, 97 young (99328K), 3 survivors (3072K)
 Metaspace       used 99858K, capacity 102033K, committed 103164K, reserved 1138688K
  class space    used 12641K, capacity 13510K, committed 13900K, reserved 1048576K
}
Event: 12.513 GC heap after
{Heap after GC invocations=18 (full 0):
 garbage-first heap   total 262144K, used 107260K [0x0000000080000000, 0x0000000100000000)
  region size 1024K, 6 young (6144K), 6 survivors (6144K)
 Metaspace       used 99858K, capacity 102033K, committed 103164K, reserved 1138688K
  class space    used 12641K, capacity 13510K, committed 13900K, reserved 1048576K
}
Event: 12.552 GC heap before
{Heap before GC invocations=18 (full 0):
 garbage-first heap   total 262144K, used 112380K [0x0000000080000000, 0x0000000100000000)
  region size 1024K, 12 young (12288K), 6 survivors (6144K)
 Metaspace       used 100316K, capacity 102449K, committed 103420K, reserved 1138688K
  class space    used 12697K, capacity 13542K, committed 13900K, reserved 1048576K
}
Event: 12.556 GC heap after
{Heap after GC invocations=19 (full 0):
 garbage-first heap   total 262144K, used 105252K [0x0000000080000000, 0x0000000100000000)
  region size 1024K, 1 young (1024K), 1 survivors (1024K)
 Metaspace       used 100316K, capacity 102449K, committed 103420K, reserved 1138688K
  class space    used 12697K, capacity 13542K, committed 13900K, reserved 1048576K
}
Event: 15.347 GC heap before
{Heap before GC invocations=19 (full 0):
 garbage-first heap   total 262144K, used 203556K [0x0000000080000000, 0x0000000100000000)
  region size 1024K, 98 young (100352K), 1 survivors (1024K)
 Metaspace       used 104252K, capacity 106441K, committed 107388K, reserved 1142784K
  class space    used 13146K, capacity 13993K, committed 14284K, reserved 1048576K
}
Event: 15.354 GC heap after
{Heap after GC invocations=20 (full 0):
 garbage-first heap   total 262144K, used 110757K [0x0000000080000000, 0x0000000100000000)
  region size 1024K, 7 young (7168K), 7 survivors (7168K)
 Metaspace       used 104252K, capacity 106441K, committed 107388K, reserved 1142784K
  class space    used 13146K, capacity 13993K, committed 14284K, reserved 1048576K
}

